#
# There is insufficient memory for the Java Runtime Environment to continue.
# Native memory allocation (malloc) failed to allocate 836016 bytes for Chunk::new
# Possible reasons:
#   The system is out of physical RAM or swap space
#   In 32 bit mode, the process size limit was hit
# Possible solutions:
#   Reduce memory load on the system
#   Increase physical memory or swap space
#   Check if swap backing store is full
#   Use 64 bit Java on a 64 bit OS
#   Decrease Java heap size (-Xmx/-Xms)
#   Decrease number of Java threads
#   Decrease Java thread stack sizes (-Xss)
#   Set larger code cache with -XX:ReservedCodeCacheSize=
# This output file may be truncated or incomplete.
#
#  Out of Memory Error (allocation.cpp:390), pid=4396, tid=0x0000000000005f10
#
# JRE version: Java(TM) SE Runtime Environment (8.0_191-b12) (build 1.8.0_191-b12)
# Java VM: Java HotSpot(TM) 64-Bit Server VM (25.191-b12 mixed mode windows-amd64 compressed oops)
# Failed to write core dump. Minidumps are not enabled by default on client versions of Windows
#

---------------  T H R E A D  ---------------

Current thread (0x00000000197f5000):  JavaThread "C2 CompilerThread1" daemon [_thread_in_native, id=24336, stack(0x000000001aa80000,0x000000001ab80000)]

Stack: [0x000000001aa80000,0x000000001ab80000]
[error occurred during error reporting (printing stack bounds), id 0xc0000005]

Native frames: (J=compiled Java code, j=interpreted, Vv=VM code, C=native code)


Current CompileTask:
C2:20803610 4378   !   4       java.util.jar.Attributes::read (380 bytes)


---------------  P R O C E S S  ---------------

Java Threads: ( => current thread )
  0x000000001c8f8800 JavaThread "Worker-4" [_thread_blocked, id=3660, stack(0x00000000220d0000,0x00000000221d0000)]
  0x000000002160d000 JavaThread "Worker-3" [_thread_blocked, id=4940, stack(0x0000000021fd0000,0x00000000220d0000)]
  0x000000001c9ae800 JavaThread "pool-1-thread-1" [_thread_in_native, id=22020, stack(0x0000000020d00000,0x0000000020e00000)]
  0x000000001c32b000 JavaThread "pool-2-thread-1" [_thread_blocked, id=25116, stack(0x0000000020560000,0x0000000020660000)]
  0x000000001988f000 JavaThread "Java indexing" daemon [_thread_blocked, id=18960, stack(0x000000001dbc0000,0x000000001dcc0000)]
  0x000000001bf7a000 JavaThread "Worker-JM" [_thread_blocked, id=1484, stack(0x000000001d2c0000,0x000000001d3c0000)]
  0x000000001b371800 JavaThread "Start Level: Equinox Container: 49c72a08-a91f-493c-984c-2cdc9b91b072" daemon [_thread_blocked, id=11368, stack(0x000000001ced0000,0x000000001cfd0000)]
  0x000000001bf1d000 JavaThread "Framework Event Dispatcher: Equinox Container: 49c72a08-a91f-493c-984c-2cdc9b91b072" daemon [_thread_blocked, id=25104, stack(0x000000001cdd0000,0x000000001ced0000)]
  0x000000001b39f000 JavaThread "Active Thread: Equinox Container: 49c72a08-a91f-493c-984c-2cdc9b91b072" [_thread_blocked, id=23548, stack(0x000000001ccd0000,0x000000001cdd0000)]
  0x000000001980a800 JavaThread "Service Thread" daemon [_thread_blocked, id=25480, stack(0x000000001ae80000,0x000000001af80000)]
  0x00000000197f8800 JavaThread "C1 CompilerThread3" daemon [_thread_blocked, id=11956, stack(0x000000001ad80000,0x000000001ae80000)]
  0x00000000197f6000 JavaThread "C2 CompilerThread2" daemon [_thread_blocked, id=11508, stack(0x000000001ac80000,0x000000001ad80000)]
=>0x00000000197f5000 JavaThread "C2 CompilerThread1" daemon [_thread_in_native, id=24336, stack(0x000000001aa80000,0x000000001ab80000)]
  0x00000000197a2800 JavaThread "C2 CompilerThread0" daemon [_thread_blocked, id=7660, stack(0x000000001a980000,0x000000001aa80000)]
  0x00000000197a2000 JavaThread "Attach Listener" daemon [_thread_blocked, id=25288, stack(0x000000001a880000,0x000000001a980000)]
  0x00000000197a1800 JavaThread "Signal Dispatcher" daemon [_thread_blocked, id=20008, stack(0x000000001a780000,0x000000001a880000)]
  0x00000000197a0800 JavaThread "Surrogate Locker Thread (Concurrent GC)" daemon [_thread_blocked, id=7884, stack(0x000000001a680000,0x000000001a780000)]
  0x0000000019785000 JavaThread "Finalizer" daemon [_thread_blocked, id=20548, stack(0x000000001a490000,0x000000001a590000)]
  0x000000001977f000 JavaThread "Reference Handler" daemon [_thread_blocked, id=5660, stack(0x000000001a390000,0x000000001a490000)]
  0x00000000031b2800 JavaThread "main" [_thread_blocked, id=3860, stack(0x0000000003030000,0x0000000003130000)]

Other Threads:
  0x0000000019776800 VMThread [stack: 0x000000001a290000,0x000000001a390000] [id=20256]
  0x00000000198a3000 WatcherThread [stack: 0x000000001af80000,0x000000001b080000] [id=1476]

VM state:not at safepoint (normal execution)

VM Mutex/Monitor currently owned by a thread: None

Heap:
 garbage-first heap   total 58368K, used 18311K [0x00000000c0000000, 0x00000000c01001c8, 0x0000000100000000)
  region size 1024K, 2 young (2048K), 0 survivors (0K)
 Metaspace       used 37228K, capacity 39384K, committed 39680K, reserved 1083392K
  class space    used 4033K, capacity 4726K, committed 4864K, reserved 1048576K

Heap Regions: (Y=young(eden), SU=young(survivor), HS=humongous(starts), HC=humongous(continues), CS=collection set, F=free, TS=gc time stamp, PTAMS=previous top-at-mark-start, NTAMS=next top-at-mark-start)
AC   0  O    TS     0 PTAMS 0x00000000c0000000 NTAMS 0x00000000c0000000 space 1024K,  99% used [0x00000000c0000000, 0x00000000c0100000)
AC   0  O    TS     0 PTAMS 0x00000000c0100000 NTAMS 0x00000000c0100000 space 1024K,  99% used [0x00000000c0100000, 0x00000000c0200000)
AC   0  O    TS     0 PTAMS 0x00000000c0200000 NTAMS 0x00000000c0200000 space 1024K, 100% used [0x00000000c0200000, 0x00000000c0300000)
AC   0  O    TS     0 PTAMS 0x00000000c0300000 NTAMS 0x00000000c0300000 space 1024K,  99% used [0x00000000c0300000, 0x00000000c0400000)
AC   0  O    TS     0 PTAMS 0x00000000c0400000 NTAMS 0x00000000c0400000 space 1024K,  99% used [0x00000000c0400000, 0x00000000c0500000)
AC   0  O    TS     0 PTAMS 0x00000000c0500000 NTAMS 0x00000000c0500000 space 1024K,  99% used [0x00000000c0500000, 0x00000000c0600000)
AC   0  O    TS     0 PTAMS 0x00000000c0600000 NTAMS 0x00000000c0600000 space 1024K,  98% used [0x00000000c0600000, 0x00000000c0700000)
AC   0  O    TS     0 PTAMS 0x00000000c0700000 NTAMS 0x00000000c0700000 space 1024K,  98% used [0x00000000c0700000, 0x00000000c0800000)
AC   0  O    TS     0 PTAMS 0x00000000c0800000 NTAMS 0x00000000c0800000 space 1024K,  99% used [0x00000000c0800000, 0x00000000c0900000)
AC   0  O    TS     0 PTAMS 0x00000000c0900000 NTAMS 0x00000000c0900000 space 1024K,  99% used [0x00000000c0900000, 0x00000000c0a00000)
AC   0  O    TS     0 PTAMS 0x00000000c0a00000 NTAMS 0x00000000c0a00000 space 1024K,  99% used [0x00000000c0a00000, 0x00000000c0b00000)
AC   0  O    TS     0 PTAMS 0x00000000c0b00000 NTAMS 0x00000000c0b00000 space 1024K,  99% used [0x00000000c0b00000, 0x00000000c0c00000)
AC   0  O    TS     0 PTAMS 0x00000000c0c00000 NTAMS 0x00000000c0c00000 space 1024K, 100% used [0x00000000c0c00000, 0x00000000c0d00000)
AC   0  O    TS     0 PTAMS 0x00000000c0d00000 NTAMS 0x00000000c0d00000 space 1024K, 100% used [0x00000000c0d00000, 0x00000000c0e00000)
AC   0  O    TS     0 PTAMS 0x00000000c0e00000 NTAMS 0x00000000c0e00000 space 1024K,  99% used [0x00000000c0e00000, 0x00000000c0f00000)
AC   0  O    TS     0 PTAMS 0x00000000c0f00000 NTAMS 0x00000000c0f00000 space 1024K,  99% used [0x00000000c0f00000, 0x00000000c1000000)
AC   0  O    TS     0 PTAMS 0x00000000c1000000 NTAMS 0x00000000c1000000 space 1024K,  92% used [0x00000000c1000000, 0x00000000c1100000)
AC   0  F    TS     0 PTAMS 0x00000000c1100000 NTAMS 0x00000000c1100000 space 1024K,   0% used [0x00000000c1100000, 0x00000000c1200000)
AC   0  F    TS     0 PTAMS 0x00000000c1200000 NTAMS 0x00000000c1200000 space 1024K,   0% used [0x00000000c1200000, 0x00000000c1300000)
AC   0  F    TS     0 PTAMS 0x00000000c1300000 NTAMS 0x00000000c1300000 space 1024K,   0% used [0x00000000c1300000, 0x00000000c1400000)
AC   0  F    TS     0 PTAMS 0x00000000c1400000 NTAMS 0x00000000c1400000 space 1024K,   0% used [0x00000000c1400000, 0x00000000c1500000)
AC   0  F    TS     0 PTAMS 0x00000000c1500000 NTAMS 0x00000000c1500000 space 1024K,   0% used [0x00000000c1500000, 0x00000000c1600000)
AC   0  F    TS     0 PTAMS 0x00000000c1600000 NTAMS 0x00000000c1600000 space 1024K,   0% used [0x00000000c1600000, 0x00000000c1700000)
AC   0  F    TS     0 PTAMS 0x00000000c1700000 NTAMS 0x00000000c1700000 space 1024K,   0% used [0x00000000c1700000, 0x00000000c1800000)
AC   0  F    TS     0 PTAMS 0x00000000c1800000 NTAMS 0x00000000c1800000 space 1024K,   0% used [0x00000000c1800000, 0x00000000c1900000)
AC   0  F    TS     0 PTAMS 0x00000000c1900000 NTAMS 0x00000000c1900000 space 1024K,   0% used [0x00000000c1900000, 0x00000000c1a00000)
AC   0  F    TS     0 PTAMS 0x00000000c1a00000 NTAMS 0x00000000c1a00000 space 1024K,   0% used [0x00000000c1a00000, 0x00000000c1b00000)
AC   0  F    TS     0 PTAMS 0x00000000c1b00000 NTAMS 0x00000000c1b00000 space 1024K,   0% used [0x00000000c1b00000, 0x00000000c1c00000)
AC   0  F    TS     0 PTAMS 0x00000000c1c00000 NTAMS 0x00000000c1c00000 space 1024K,   0% used [0x00000000c1c00000, 0x00000000c1d00000)
AC   0  F    TS     0 PTAMS 0x00000000c1d00000 NTAMS 0x00000000c1d00000 space 1024K,   0% used [0x00000000c1d00000, 0x00000000c1e00000)
AC   0  F    TS     0 PTAMS 0x00000000c1e00000 NTAMS 0x00000000c1e00000 space 1024K,   0% used [0x00000000c1e00000, 0x00000000c1f00000)
AC   0  F    TS     0 PTAMS 0x00000000c1f00000 NTAMS 0x00000000c1f00000 space 1024K,   0% used [0x00000000c1f00000, 0x00000000c2000000)
AC   0  F    TS     0 PTAMS 0x00000000c2000000 NTAMS 0x00000000c2000000 space 1024K,   0% used [0x00000000c2000000, 0x00000000c2100000)
AC   0  F    TS     0 PTAMS 0x00000000c2100000 NTAMS 0x00000000c2100000 space 1024K,   0% used [0x00000000c2100000, 0x00000000c2200000)
AC   0  F    TS     0 PTAMS 0x00000000c2200000 NTAMS 0x00000000c2200000 space 1024K,   0% used [0x00000000c2200000, 0x00000000c2300000)
AC   0  F    TS     0 PTAMS 0x00000000c2300000 NTAMS 0x00000000c2300000 space 1024K,   0% used [0x00000000c2300000, 0x00000000c2400000)
AC   0  F    TS     0 PTAMS 0x00000000c2400000 NTAMS 0x00000000c2400000 space 1024K,   0% used [0x00000000c2400000, 0x00000000c2500000)
AC   0  F    TS     0 PTAMS 0x00000000c2500000 NTAMS 0x00000000c2500000 space 1024K,   0% used [0x00000000c2500000, 0x00000000c2600000)
AC   0  F    TS     0 PTAMS 0x00000000c2600000 NTAMS 0x00000000c2600000 space 1024K,   0% used [0x00000000c2600000, 0x00000000c2700000)
AC   0  F    TS     0 PTAMS 0x00000000c2700000 NTAMS 0x00000000c2700000 space 1024K,   0% used [0x00000000c2700000, 0x00000000c2800000)
AC   0  F    TS     0 PTAMS 0x00000000c2800000 NTAMS 0x00000000c2800000 space 1024K,   0% used [0x00000000c2800000, 0x00000000c2900000)
AC   0  F    TS     0 PTAMS 0x00000000c2900000 NTAMS 0x00000000c2900000 space 1024K,   0% used [0x00000000c2900000, 0x00000000c2a00000)
AC   0  F    TS     0 PTAMS 0x00000000c2a00000 NTAMS 0x00000000c2a00000 space 1024K,   0% used [0x00000000c2a00000, 0x00000000c2b00000)
AC   0  F    TS     0 PTAMS 0x00000000c2b00000 NTAMS 0x00000000c2b00000 space 1024K,   0% used [0x00000000c2b00000, 0x00000000c2c00000)
AC   0  F    TS     0 PTAMS 0x00000000c2c00000 NTAMS 0x00000000c2c00000 space 1024K,   0% used [0x00000000c2c00000, 0x00000000c2d00000)
AC   0  F    TS     0 PTAMS 0x00000000c2d00000 NTAMS 0x00000000c2d00000 space 1024K,   0% used [0x00000000c2d00000, 0x00000000c2e00000)
AC   0  F    TS     0 PTAMS 0x00000000c2e00000 NTAMS 0x00000000c2e00000 space 1024K,   0% used [0x00000000c2e00000, 0x00000000c2f00000)
AC   0  F    TS     0 PTAMS 0x00000000c2f00000 NTAMS 0x00000000c2f00000 space 1024K,   0% used [0x00000000c2f00000, 0x00000000c3000000)
AC   0  F    TS     0 PTAMS 0x00000000c3000000 NTAMS 0x00000000c3000000 space 1024K,   0% used [0x00000000c3000000, 0x00000000c3100000)
AC   0  F    TS     0 PTAMS 0x00000000c3100000 NTAMS 0x00000000c3100000 space 1024K,   0% used [0x00000000c3100000, 0x00000000c3200000)
AC   0  F    TS     0 PTAMS 0x00000000c3200000 NTAMS 0x00000000c3200000 space 1024K,   0% used [0x00000000c3200000, 0x00000000c3300000)
AC   0  F    TS     0 PTAMS 0x00000000c3300000 NTAMS 0x00000000c3300000 space 1024K,   0% used [0x00000000c3300000, 0x00000000c3400000)
AC   0  F    TS     0 PTAMS 0x00000000c3400000 NTAMS 0x00000000c3400000 space 1024K,   0% used [0x00000000c3400000, 0x00000000c3500000)
AC   0  F    TS     0 PTAMS 0x00000000c3500000 NTAMS 0x00000000c3500000 space 1024K,   0% used [0x00000000c3500000, 0x00000000c3600000)
AC   0  F    TS     0 PTAMS 0x00000000c3600000 NTAMS 0x00000000c3600000 space 1024K,   0% used [0x00000000c3600000, 0x00000000c3700000)
AC   0  E    TS     0 PTAMS 0x00000000c3700000 NTAMS 0x00000000c3700000 space 1024K,  12% used [0x00000000c3700000, 0x00000000c3800000)
AC   0  E CS TS     0 PTAMS 0x00000000c3800000 NTAMS 0x00000000c3800000 space 1024K, 100% used [0x00000000c3800000, 0x00000000c3900000)

Card table byte_map: [0x0000000014400000,0x0000000014600000] byte_map_base: 0x0000000013e00000

Marking Bits (Prev, Next): (CMBitMap*) 0x00000000032007a8, (CMBitMap*) 0x0000000003200800
 Prev Bits: [0x0000000014800000, 0x0000000015800000)
 Next Bits: [0x0000000015800000, 0x0000000016800000)

Polling page: 0x0000000000fc0000

CodeCache: size=245760Kb used=11724Kb max_used=11923Kb free=234035Kb
 bounds [0x00000000032b0000, 0x0000000003e80000, 0x00000000122b0000]
 total_blobs=4139 nmethods=3615 adapters=435
 compilation: enabled

Compilation events (10 events):
Event: 18025.096 Thread 0x00000000197f8800 nmethod 4375 0x0000000003d70a50 code [0x0000000003d70ca0, 0x0000000003d71ab8]
Event: 18025.097 Thread 0x00000000197f8800 4374       3       org.eclipse.core.internal.jobs.JobChangeEvent::<init> (32 bytes)
Event: 18025.097 Thread 0x00000000197f8800 nmethod 4374 0x0000000003bfbb10 code [0x0000000003bfbc80, 0x0000000003bfbed0]
Event: 18325.135 Thread 0x00000000197f8800 4376       3       org.eclipse.core.internal.resources.Resource::contains (118 bytes)
Event: 18325.144 Thread 0x00000000197f8800 nmethod 4376 0x0000000003d352d0 code [0x0000000003d35500, 0x0000000003d36498]
Event: 19825.342 Thread 0x00000000197f8800 4377       3       java.security.SecureRandom::nextBytes (9 bytes)
Event: 19825.347 Thread 0x00000000197f8800 nmethod 4377 0x0000000003890f90 code [0x0000000003891100, 0x0000000003891328]
Event: 20803.422 Thread 0x00000000197f5000 4378   !   4       java.util.jar.Attributes::read (380 bytes)
Event: 20803.424 Thread 0x00000000197a2800 4379       4       java.util.jar.Attributes$Name::<init> (48 bytes)
Event: 20803.468 Thread 0x00000000197a2800 nmethod 4379 0x00000000033c0490 code [0x00000000033c0600, 0x00000000033c0b08]

GC Heap History (10 events):
Event: 20792.527 GC heap before
{Heap before GC invocations=9362 (full 9354):
 garbage-first heap   total 58368K, used 17287K [0x00000000c0000000, 0x00000000c01001c8, 0x0000000100000000)
  region size 1024K, 1 young (1024K), 0 survivors (0K)
 Metaspace       used 37209K, capacity 39384K, committed 39680K, reserved 1083392K
  class space    used 4027K, capacity 4726K, committed 4864K, reserved 1048576K
Event: 20792.586 GC heap after
Heap after GC invocations=9363 (full 9355):
 garbage-first heap   total 58368K, used 17287K [0x00000000c0000000, 0x00000000c01001c8, 0x0000000100000000)
  region size 1024K, 0 young (0K), 0 survivors (0K)
 Metaspace       used 37209K, capacity 39384K, committed 39680K, reserved 1083392K
  class space    used 4027K, capacity 4726K, committed 4864K, reserved 1048576K
}
Event: 20794.724 GC heap before
{Heap before GC invocations=9363 (full 9355):
 garbage-first heap   total 58368K, used 17287K [0x00000000c0000000, 0x00000000c01001c8, 0x0000000100000000)
  region size 1024K, 1 young (1024K), 0 survivors (0K)
 Metaspace       used 37209K, capacity 39384K, committed 39680K, reserved 1083392K
  class space    used 4027K, capacity 4726K, committed 4864K, reserved 1048576K
Event: 20794.767 GC heap after
Heap after GC invocations=9364 (full 9356):
 garbage-first heap   total 58368K, used 17287K [0x00000000c0000000, 0x00000000c01001c8, 0x0000000100000000)
  region size 1024K, 0 young (0K), 0 survivors (0K)
 Metaspace       used 37209K, capacity 39384K, committed 39680K, reserved 1083392K
  class space    used 4027K, capacity 4726K, committed 4864K, reserved 1048576K
}
Event: 20796.908 GC heap before
{Heap before GC invocations=9364 (full 9356):
 garbage-first heap   total 58368K, used 17287K [0x00000000c0000000, 0x00000000c01001c8, 0x0000000100000000)
  region size 1024K, 1 young (1024K), 0 survivors (0K)
 Metaspace       used 37209K, capacity 39384K, committed 39680K, reserved 1083392K
  class space    used 4027K, capacity 4726K, committed 4864K, reserved 1048576K
Event: 20796.952 GC heap after
Heap after GC invocations=9365 (full 9357):
 garbage-first heap   total 58368K, used 17287K [0x00000000c0000000, 0x00000000c01001c8, 0x0000000100000000)
  region size 1024K, 0 young (0K), 0 survivors (0K)
 Metaspace       used 37209K, capacity 39384K, committed 39680K, reserved 1083392K
  class space    used 4027K, capacity 4726K, committed 4864K, reserved 1048576K
}
Event: 20799.134 GC heap before
{Heap before GC invocations=9365 (full 9357):
 garbage-first heap   total 58368K, used 17287K [0x00000000c0000000, 0x00000000c01001c8, 0x0000000100000000)
  region size 1024K, 1 young (1024K), 0 survivors (0K)
 Metaspace       used 37209K, capacity 39384K, committed 39680K, reserved 1083392K
  class space    used 4027K, capacity 4726K, committed 4864K, reserved 1048576K
Event: 20799.183 GC heap after
Heap after GC invocations=9366 (full 9358):
 garbage-first heap   total 58368K, used 17287K [0x00000000c0000000, 0x00000000c01001c8, 0x0000000100000000)
  region size 1024K, 0 young (0K), 0 survivors (0K)
 Metaspace       used 37209K, capacity 39384K, committed 39680K, reserved 1083392K
  class space    used 4027K, capacity 4726K, committed 4864K, reserved 1048576K
}
Event: 20801.323 GC heap before
{Heap before GC invocations=9366 (full 9358):
 garbage-first heap   total 58368K, used 17287K [0x00000000c0000000, 0x00000000c01001c8, 0x0000000100000000)
  region size 1024K, 1 young (1024K), 0 survivors (0K)
 Metaspace       used 37209K, capacity 39384K, committed 39680K, reserved 1083392K
  class space    used 4027K, capacity 4726K, committed 4864K, reserved 1048576K
Event: 20801.367 GC heap after
Heap after GC invocations=9367 (full 9359):
 garbage-first heap   total 58368K, used 17287K [0x00000000c0000000, 0x00000000c01001c8, 0x0000000100000000)
  region size 1024K, 0 young (0K), 0 survivors (0K)
 Metaspace       used 37209K, capacity 39384K, committed 39680K, reserved 1083392K
  class space    used 4027K, capacity 4726K, committed 4864K, reserved 1048576K
}

Deoptimization events (10 events):
Event: 1205.265 Thread 0x000000001c9ae800 Uncommon trap: reason=unstable_if action=reinterpret pc=0x0000000003d43cf8 method=java.io.File.getName()Ljava/lang/String; @ 16
Event: 1220.486 Thread 0x000000001c9ae800 Uncommon trap: reason=unstable_if action=reinterpret pc=0x0000000003b57988 method=java.io.WinNTFileSystem.canonicalize(Ljava/lang/String;)Ljava/lang/String; @ 348
Event: 1220.486 Thread 0x000000001c9ae800 Uncommon trap: reason=range_check action=make_not_entrant pc=0x00000000038179c8 method=java.lang.String.charAt(I)C @ 27
Event: 1220.761 Thread 0x000000001c9ae800 Uncommon trap: reason=unstable_if action=reinterpret pc=0x0000000003c07320 method=java.net.URI.quote(Ljava/lang/String;JJ)Ljava/lang/String; @ 59
Event: 1312.131 Thread 0x000000001c9ae800 Uncommon trap: reason=unstable_if action=reinterpret pc=0x0000000003d2c0c4 method=java.io.ExpiringCache.entryFor(Ljava/lang/String;)Ljava/io/ExpiringCache$Entry; @ 39
Event: 1312.133 Thread 0x000000001c9ae800 Uncommon trap: reason=unstable_if action=reinterpret pc=0x0000000003bdaecc method=java.net.URI.needsNormalization(Ljava/lang/String;)I @ 149
Event: 1312.136 Thread 0x000000001c9ae800 Uncommon trap: reason=unstable_if action=reinterpret pc=0x0000000003d183e8 method=java.io.ExpiringCache.entryFor(Ljava/lang/String;)Ljava/io/ExpiringCache$Entry; @ 39
Event: 1314.184 Thread 0x000000001c9ae800 Uncommon trap: reason=unstable_if action=reinterpret pc=0x0000000003d35b70 method=java.io.ExpiringCache.entryFor(Ljava/lang/String;)Ljava/io/ExpiringCache$Entry; @ 39
Event: 20803.382 Thread 0x000000001c32b000 Uncommon trap: reason=unloaded action=reinterpret pc=0x0000000003e57bdc method=java.lang.ProcessBuilder.start()Ljava/lang/Process; @ 167
Event: 20803.390 Thread 0x000000001c32b000 Uncommon trap: reason=unloaded action=reinterpret pc=0x00000000036ff484 method=org.eclipse.jdt.ls.core.internal.ParentProcessWatcher.parentProcessStillRunning()Z @ 197

Classes redefined (0 events):
No events

Internal exceptions (10 events):
Event: 1220.906 Thread 0x000000001c9ae800 Exception <a 'sun/nio/fs/WindowsException'> (0x00000000c2b0f308) thrown at [C:\re\workspace\8-2-build-windows-amd64-cygwin\jdk8u191\11896\hotspot\src\share\vm\prims\jni.cpp, line 709]
Event: 1220.910 Thread 0x000000001c9ae800 Exception <a 'sun/nio/fs/WindowsException'> (0x00000000c2b32b28) thrown at [C:\re\workspace\8-2-build-windows-amd64-cygwin\jdk8u191\11896\hotspot\src\share\vm\prims\jni.cpp, line 709]
Event: 1220.913 Thread 0x000000001c9ae800 Exception <a 'sun/nio/fs/WindowsException'> (0x00000000c2b560f8) thrown at [C:\re\workspace\8-2-build-windows-amd64-cygwin\jdk8u191\11896\hotspot\src\share\vm\prims\jni.cpp, line 709]
Event: 1220.915 Thread 0x000000001c9ae800 Exception <a 'sun/nio/fs/WindowsException'> (0x00000000c2b78e28) thrown at [C:\re\workspace\8-2-build-windows-amd64-cygwin\jdk8u191\11896\hotspot\src\share\vm\prims\jni.cpp, line 709]
Event: 1220.918 Thread 0x000000001c9ae800 Exception <a 'sun/nio/fs/WindowsException'> (0x00000000c2b9b718) thrown at [C:\re\workspace\8-2-build-windows-amd64-cygwin\jdk8u191\11896\hotspot\src\share\vm\prims\jni.cpp, line 709]
Event: 1220.921 Thread 0x000000001c9ae800 Exception <a 'sun/nio/fs/WindowsException'> (0x00000000c2bbde28) thrown at [C:\re\workspace\8-2-build-windows-amd64-cygwin\jdk8u191\11896\hotspot\src\share\vm\prims\jni.cpp, line 709]
Event: 1220.922 Thread 0x000000001c9ae800 Exception <a 'sun/nio/fs/WindowsException'> (0x00000000c2be32e8) thrown at [C:\re\workspace\8-2-build-windows-amd64-cygwin\jdk8u191\11896\hotspot\src\share\vm\prims\jni.cpp, line 709]
Event: 1220.925 Thread 0x000000001c9ae800 Exception <a 'sun/nio/fs/WindowsException'> (0x00000000c2a09e48) thrown at [C:\re\workspace\8-2-build-windows-amd64-cygwin\jdk8u191\11896\hotspot\src\share\vm\prims\jni.cpp, line 709]
Event: 1220.927 Thread 0x000000001c9ae800 Exception <a 'sun/nio/fs/WindowsException'> (0x00000000c2a307b0) thrown at [C:\re\workspace\8-2-build-windows-amd64-cygwin\jdk8u191\11896\hotspot\src\share\vm\prims\jni.cpp, line 709]
Event: 20803.381 Thread 0x000000001c32b000 Exception <a 'java/io/IOException': CreateProcess error=1455, The paging file is too small for this operation to complete> (0x00000000c38007b8) thrown at [C:\re\workspace\8-2-build-windows-amd64-cygwin\jdk8u191\11896\hotspot\src\share\vm\prims\jni.cpp, li

Events (10 events):
Event: 20803.409 loading class org/osgi/framework/BundleException
Event: 20803.409 loading class org/osgi/framework/BundleException done
Event: 20803.433 loading class java/lang/reflect/InvocationTargetException
Event: 20803.434 loading class java/lang/reflect/InvocationTargetException done
Event: 20803.437 loading class java/text/DontCareFieldPosition
Event: 20803.439 loading class java/text/DontCareFieldPosition done
Event: 20803.439 loading class java/text/DontCareFieldPosition$1
Event: 20803.439 loading class java/text/Format$FieldDelegate
Event: 20803.439 loading class java/text/Format$FieldDelegate done
Event: 20803.439 loading class java/text/DontCareFieldPosition$1 done


Dynamic libraries:
0x00007ff729980000 - 0x00007ff7299b7000 	C:\Program Files\Java\jdk1.8.0_191\bin\java.exe
0x00007ff97dd20000 - 0x00007ff97df01000 	C:\WINDOWS\SYSTEM32\ntdll.dll
0x00007ff97b440000 - 0x00007ff97b4f2000 	C:\WINDOWS\System32\KERNEL32.DLL
0x00007ff97a4e0000 - 0x00007ff97a753000 	C:\WINDOWS\System32\KERNELBASE.dll
0x00007ff97bed0000 - 0x00007ff97bf71000 	C:\WINDOWS\System32\ADVAPI32.dll
0x00007ff97b3a0000 - 0x00007ff97b43e000 	C:\WINDOWS\System32\msvcrt.dll
0x00007ff97b5b0000 - 0x00007ff97b60b000 	C:\WINDOWS\System32\sechost.dll
0x00007ff97b620000 - 0x00007ff97b744000 	C:\WINDOWS\System32\RPCRT4.dll
0x00007ff97d9f0000 - 0x00007ff97db80000 	C:\WINDOWS\System32\USER32.dll
0x00007ff97a4c0000 - 0x00007ff97a4e0000 	C:\WINDOWS\System32\win32u.dll
0x00007ff97c500000 - 0x00007ff97c528000 	C:\WINDOWS\System32\GDI32.dll
0x00007ff97a320000 - 0x00007ff97a4b2000 	C:\WINDOWS\System32\gdi32full.dll
0x00007ff97ae70000 - 0x00007ff97af0f000 	C:\WINDOWS\System32\msvcp_win.dll
0x00007ff97a0f0000 - 0x00007ff97a1ea000 	C:\WINDOWS\System32\ucrtbase.dll
0x00007ff969cf0000 - 0x00007ff969f59000 	C:\WINDOWS\WinSxS\amd64_microsoft.windows.common-controls_6595b64144ccf1df_6.0.17134.590_none_fb3d9bff3069e088\COMCTL32.dll
0x00007ff97c1d0000 - 0x00007ff97c4f2000 	C:\WINDOWS\System32\combase.dll
0x00007ff97a2a0000 - 0x00007ff97a31a000 	C:\WINDOWS\System32\bcryptPrimitives.dll
0x00007ff97b1b0000 - 0x00007ff97b1dd000 	C:\WINDOWS\System32\IMM32.DLL
0x0000000069a80000 - 0x0000000069b52000 	C:\Program Files\Java\jdk1.8.0_191\jre\bin\msvcr100.dll
0x00000000691d0000 - 0x0000000069a74000 	C:\Program Files\Java\jdk1.8.0_191\jre\bin\server\jvm.dll
0x00007ff97bec0000 - 0x00007ff97bec8000 	C:\WINDOWS\System32\PSAPI.DLL
0x00007ff977960000 - 0x00007ff977983000 	C:\WINDOWS\SYSTEM32\WINMM.dll
0x00007ff974ee0000 - 0x00007ff974eea000 	C:\WINDOWS\SYSTEM32\VERSION.dll
0x00007ff955ad0000 - 0x00007ff955ad9000 	C:\WINDOWS\SYSTEM32\WSOCK32.dll
0x00007ff977930000 - 0x00007ff97795a000 	C:\WINDOWS\SYSTEM32\WINMMBASE.dll
0x0000000002f50000 - 0x0000000002fbc000 	C:\WINDOWS\System32\ws2_32.DLL
0x00007ff97a1f0000 - 0x00007ff97a239000 	C:\WINDOWS\System32\cfgmgr32.dll
0x00000000691c0000 - 0x00000000691cf000 	C:\Program Files\Java\jdk1.8.0_191\jre\bin\verify.dll
0x0000000069190000 - 0x00000000691b9000 	C:\Program Files\Java\jdk1.8.0_191\jre\bin\java.dll
0x0000000069170000 - 0x0000000069186000 	C:\Program Files\Java\jdk1.8.0_191\jre\bin\zip.dll
0x00007ff97c530000 - 0x00007ff97d970000 	C:\WINDOWS\System32\SHELL32.dll
0x00007ff97b500000 - 0x00007ff97b5a9000 	C:\WINDOWS\System32\shcore.dll
0x00007ff97a760000 - 0x00007ff97ae6d000 	C:\WINDOWS\System32\windows.storage.dll
0x00007ff97b1e0000 - 0x00007ff97b231000 	C:\WINDOWS\System32\shlwapi.dll
0x00007ff97a0d0000 - 0x00007ff97a0e1000 	C:\WINDOWS\System32\kernel.appcore.dll
0x00007ff97a030000 - 0x00007ff97a04f000 	C:\WINDOWS\System32\profapi.dll
0x00007ff97a050000 - 0x00007ff97a09c000 	C:\WINDOWS\System32\powrprof.dll
0x00007ff97a0c0000 - 0x00007ff97a0ca000 	C:\WINDOWS\System32\FLTLIB.DLL
0x00007ff979a70000 - 0x00007ff979a87000 	C:\WINDOWS\SYSTEM32\CRYPTSP.dll
0x000000006c6f0000 - 0x000000006c701000 	C:\Program Files\Common Files\Crypto Pro\AppCompat\cpadvai.dll
0x000000006c710000 - 0x000000006c717000 	C:\Program Files\Common Files\Crypto Pro\AppCompat\detoured.dll
0x00007ff979050000 - 0x00007ff979083000 	C:\WINDOWS\system32\rsaenh.dll
0x00007ff979b90000 - 0x00007ff979bb5000 	C:\WINDOWS\SYSTEM32\bcrypt.dll
0x00007ff979f60000 - 0x00007ff979f88000 	C:\WINDOWS\SYSTEM32\USERENV.dll
0x00007ff9799c0000 - 0x00007ff9799cb000 	C:\WINDOWS\SYSTEM32\CRYPTBASE.dll
0x0000000069150000 - 0x000000006916a000 	C:\Program Files\Java\jdk1.8.0_191\jre\bin\net.dll
0x00007ff979460000 - 0x00007ff9794c6000 	C:\WINDOWS\system32\mswsock.dll
0x00007ff9791f0000 - 0x00007ff979228000 	C:\WINDOWS\SYSTEM32\IPHLPAPI.DLL
0x00007ff97dbf0000 - 0x00007ff97dbf8000 	C:\WINDOWS\System32\NSI.dll
0x00007ff9742d0000 - 0x00007ff9742e6000 	C:\WINDOWS\SYSTEM32\dhcpcsvc6.DLL
0x00007ff9742a0000 - 0x00007ff9742ba000 	C:\WINDOWS\SYSTEM32\dhcpcsvc.DLL
0x0000000069130000 - 0x0000000069141000 	C:\Program Files\Java\jdk1.8.0_191\jre\bin\nio.dll
0x00007ff972fc0000 - 0x00007ff972fe9000 	C:\Users\dev\.vscode\extensions\redhat.java-0.39.0\server\config_win\org.eclipse.equinox.launcher\org.eclipse.equinox.launcher.win32.win32.x86_64_1.1.1000.v20190125-2016\eclipse_1801.dll
0x00007ff973420000 - 0x00007ff973431000 	C:\Users\dev\.vscode\extensions\redhat.java-0.39.0\server\config_win\org.eclipse.osgi\20\0\.cp\jWinHttp-1.0.0.dll
0x00007ff97b240000 - 0x00007ff97b391000 	C:\WINDOWS\System32\ole32.dll
0x00007ff975590000 - 0x00007ff97566d000 	C:\WINDOWS\SYSTEM32\WINHTTP.dll

VM Arguments:
jvm_args: -Declipse.application=org.eclipse.jdt.ls.core.id1 -Dosgi.bundles.defaultStartLevel=4 -Declipse.product=org.eclipse.jdt.ls.core.product -Dfile.encoding=utf8 -Xverify:none -Xmx1G -XX:+UseG1GC -XX:+UseStringDeduplication 
java_command: C:\Users\dev\.vscode\extensions\redhat.java-0.39.0\server\plugins\org.eclipse.equinox.launcher_1.5.200.v20180922-1751.jar -configuration C:\Users\dev\.vscode\extensions\redhat.java-0.39.0\server\config_win -data c:\Users\dev\AppData\Roaming\Code\User\workspaceStorage\86d54a9f9412ce391587b2101d1491ee\redhat.java\jdt_ws
java_class_path (initial): C:\Users\dev\.vscode\extensions\redhat.java-0.39.0\server\plugins\org.eclipse.equinox.launcher_1.5.200.v20180922-1751.jar
Launcher Type: SUN_STANDARD

Environment Variables:
JAVA_HOME=C:\Program Files\Java\jdk1.8.0_191
CLASSPATH=.;
PATH=C:\Program Files (x86)\Common Files\Oracle\Java\javapath;C:\WINDOWS\system32;C:\WINDOWS;C:\WINDOWS\System32\Wbem;C:\WINDOWS\System32\WindowsPowerShell\v1.0\;C:\Program Files\SlikSvn\bin;C:\Program Files\Git\cmd;C:\Program Files (x86)\Microsoft SQL Server\140\Tools\Binn\;C:\Program Files (x86)\Microsoft SQL Server\Client SDK\ODBC\130\Tools\Binn\;C:\Program Files (x86)\Microsoft SQL Server\140\DTS\Binn\;C:\Program Files (x86)\Microsoft SQL Server\140\Tools\Binn\ManagementStudio\;C:\Program Files (x86)\GnuWin32\bin;C:\Program Files\PuTTY\;C:\Program Files\Microsoft SQL Server\Client SDK\ODBC\130\Tools\Binn\;C:\Program Files (x86)\Microsoft SQL Server\130\Tools\Binn\;C:\Program Files\Microsoft SQL Server\130\Tools\Binn\;C:\Program Files\Microsoft SQL Server\130\DTS\Binn\;C:\WINDOWS\System32\OpenSSH\;C:\Program Files\Microsoft VS Code\bin;C:\GitStack\python;C:\GitStack\python\Scripts;C:\php;C:\Gradle\bin;C:\java\java-1.8.0-openjdk-1.8.0.181-1.b13.redhat.windows.x86_64\bin;C:\Program Files (x86)\NVIDIA Corporation\PhysX\Common;C:\oracle\instantclient_12_2;C:\ProgramData\chocolatey\bin;C:\Program Files\nodejs\;C:\Android\android-sdk\tools;C:\Android\android-sdk\platform-tools;C:\Android\android-sdk\tools\bin;C:\Program Files\Java\jdk1.8.0_191\bin;C:\flutter\flutter-framework\bin;;C:\Program Files\NVIDIA Corporation\NVIDIA NvDLISR;C:\composer;C:\Users\dev\AppData\Local\Microsoft\WindowsApps;;C:\Program Files\Microsoft VS Code\bin;C:\Users\dev\AppData\Local\Programs\Microsoft VS Code\bin;C:\Users\dev\AppData\Roaming\npm;C:\Users\dev\AppData\Roaming\Composer\vendor\bin
USERNAME=dev
OS=Windows_NT
PROCESSOR_IDENTIFIER=Intel64 Family 6 Model 158 Stepping 9, GenuineIntel



---------------  S Y S T E M  ---------------

OS: Windows 10.0 , 64 bit Build 17134 (10.0.17134.556)

CPU:total 8 (initial active 8) (4 cores per cpu, 2 threads per core) family 6 model 158 stepping 9, cmov, cx8, fxsr, mmx, sse, sse2, sse3, ssse3, sse4.1, sse4.2, popcnt, avx, avx2, aes, clmul, erms, rtm, 3dnowpref, lzcnt, ht, tsc, tscinvbit, bmi1, bmi2, adx

Memory: 4k page, physical 8281304k(434172k free), swap 33447128k(968k free)

vm_info: Java HotSpot(TM) 64-Bit Server VM (25.191-b12) for windows-amd64 JRE (1.8.0_191-b12), built on Oct  6 2018 09:29:03 by "java_re" with MS VC++ 10.0 (VS2010)

time: Fri Mar 01 04:11:23 2019
elapsed time: 20803 seconds (0d 5h 46m 43s)

